[debug] [2023-07-26T13:48:07.780Z] ----------------------------------------------------------------------
[debug] [2023-07-26T13:48:07.782Z] Command:       C:\Users\arman\.nvm\versions\node\v18.14.0\bin\node.exe C:\Users\arman\.nvm\versions\node\v18.14.0\bin\node_modules\firebase-tools\lib\bin\firebase.js login
[debug] [2023-07-26T13:48:07.783Z] CLI Version:   12.4.6
[debug] [2023-07-26T13:48:07.783Z] Platform:      win32
[debug] [2023-07-26T13:48:07.783Z] Node Version:  v18.14.0
[debug] [2023-07-26T13:48:07.784Z] Time:          Wed Jul 26 2023 19:18:07 GMT+0530 (India Standard Time)
[debug] [2023-07-26T13:48:07.784Z] ----------------------------------------------------------------------
[debug] 
[debug] [2023-07-26T13:48:07.805Z] >>> [apiv2][query] GET https://firebase-public.firebaseio.com/cli.json [none]
[info] i  Firebase optionally collects CLI and Emulator Suite usage and error reporting information to help improve our products. Data is collected in accordance with Google's privacy policy (https://policies.google.com/privacy) and is not used to identify you.
 
[debug] [2023-07-26T13:48:09.105Z] <<< [apiv2][status] GET https://firebase-public.firebaseio.com/cli.json 200
[debug] [2023-07-26T13:48:09.106Z] <<< [apiv2][body] GET https://firebase-public.firebaseio.com/cli.json {"cloudBuildErrorAfter":1594252800000,"cloudBuildWarnAfter":1590019200000,"defaultNode10After":1594252800000,"minVersion":"3.0.5","node8DeploysDisabledAfter":1613390400000,"node8RuntimeDisabledAfter":1615809600000,"node8WarnAfter":1600128000000}
[info] i  To change your data collection preference at any time, run `firebase logout` and log in again. 
[info] 
[info] Visit this URL on this device to log in:
[info] https://accounts.google.com/o/oauth2/auth?client_id=563584335869-fgrhgmd47bqnekij5i8b5pr03ho849e6.apps.googleusercontent.com&scope=email%20openid%20https%3A%2F%2Fwww.googleapis.com%2Fauth%2Fcloudplatformprojects.readonly%20https%3A%2F%2Fwww.googleapis.com%2Fauth%2Ffirebase%20https%3A%2F%2Fwww.googleapis.com%2Fauth%2Fcloud-platform&response_type=code&state=208836345&redirect_uri=http%3A%2F%2Flocalhost%3A9005
[info] 
[info] Waiting for authentication...
[debug] [2023-07-26T13:48:17.008Z] Error: spawn cmd ENOENT
    at ChildProcess._handle.onexit (node:internal/child_process:283:19)
    at onErrorNT (node:internal/child_process:476:16)
    at process.processTicksAndRejections (node:internal/process/task_queues:82:21)
[error] 
[error] Error: An unexpected error has occurred.
